<?xml version="1.0" encoding="UTF-8"?>
<!-- Generated by org.testng.reporters.JUnitXMLReporter -->
<testsuite ignored="1" hostname="DESKTOP-AB28KPC" failures="0" tests="1" name="Default test" time="0.178" errors="0" timestamp="2021-01-31T20:44:26 IST">
  <testcase classname="raBi.MavenJava.APITest" name="google_map" time="0.029"/>
  <testcase classname="raBi.MavenJava.APITest" name="delete_twitter" time="0.0">
    <ignored/>
  </testcase> <!-- delete_twitter -->
</testsuite> <!-- Default test -->
