<?xml version="1.0" encoding="UTF-8"?>
<testng-results ignored="0" total="1" passed="1" failed="0" skipped="0">
  <reporter-output>
  </reporter-output>
  <suite started-at="2023-03-09T00:16:15 IST" name="Default suite" finished-at="2023-03-09T00:16:15 IST" duration-ms="62">
    <groups>
    </groups>
    <test started-at="2023-03-09T00:16:15 IST" name="Default test" finished-at="2023-03-09T00:16:15 IST" duration-ms="62">
      <class name="importantClassesJava.LocaleClass">
        <test-method signature="testLocales()[pri:0, instance:importantClassesJava.LocaleClass@5d7148e2]" started-at="2023-03-09T00:16:15 IST" name="testLocales" finished-at="2023-03-09T00:16:15 IST" duration-ms="10" status="PASS">
          <reporter-output>
          </reporter-output>
        </test-method> <!-- testLocales -->
      </class> <!-- importantClassesJava.LocaleClass -->
    </test> <!-- Default test -->
  </suite> <!-- Default suite -->
</testng-results>
