<?xml version="1.0" encoding="UTF-8"?>
<testng-results ignored="1" total="2" passed="1" failed="0" skipped="0">
  <reporter-output>
  </reporter-output>
  <suite started-at="2021-01-31T20:44:26 IST" name="Default suite" finished-at="2021-01-31T20:44:26 IST" duration-ms="162">
    <groups>
    </groups>
    <test started-at="2021-01-31T20:44:26 IST" name="Default test" finished-at="2021-01-31T20:44:26 IST" duration-ms="162">
      <class name="raBi.MavenJava.APITest">
        <test-method signature="google_map()[pri:0, instance:raBi.MavenJava.APITest@41fecb8b]" started-at="2021-01-31T20:44:26 IST" name="google_map" finished-at="2021-01-31T20:44:26 IST" duration-ms="27" status="PASS">
          <reporter-output>
          </reporter-output>
        </test-method> <!-- google_map -->
      </class> <!-- raBi.MavenJava.APITest -->
    </test> <!-- Default test -->
  </suite> <!-- Default suite -->
</testng-results>
